SmartImagePicker/build/intermediates/manifest_merge_blame_file/debug/manifest-merger-blame-debug-report.txt
1<?xml version="1.0" encoding="utf-8"?>
2<manifest xmlns:android="http://schemas.android.com/apk/res/android"
3    package="com.myhexaville.smartimagepicker"
4    android:versionCode="5"
5    android:versionName="1.0.4" >
6
7    <uses-sdk
8        android:minSdkVersion="19"
8-->src/main/AndroidManifest.xml
9        android:targetSdkVersion="29" />
9-->src/main/AndroidManifest.xml
10
11    <uses-permission android:name="android.permission.CAMERA" />
11-->src/main/AndroidManifest.xml:4:5-65
11-->src/main/AndroidManifest.xml:4:22-62
12    <uses-permission android:name="android.permission.READ_EXTERNAL_STORAGE" />
12-->src/main/AndroidManifest.xml:5:5-80
12-->src/main/AndroidManifest.xml:5:22-77
13
14    <application
14-->src/main/AndroidManifest.xml:7:5-25:19
15        android:allowBackup="true"
15-->src/main/AndroidManifest.xml:7:18-44
16        android:label="@string/app_name"
16-->src/main/AndroidManifest.xml:8:9-41
17        android:supportsRtl="true" >
17-->src/main/AndroidManifest.xml:9:9-35
18        <activity
18-->src/main/AndroidManifest.xml:11:9-14:74
19            android:name="com.theartofdev.edmodo.cropper.CropImageActivity"
19-->src/main/AndroidManifest.xml:12:13-76
20            android:screenOrientation="portrait"
20-->src/main/AndroidManifest.xml:13:13-49
21            android:theme="@style/Theme.AppCompat.Light.DarkActionBar" />
21-->src/main/AndroidManifest.xml:14:13-71
22
23        <provider
23-->src/main/AndroidManifest.xml:16:9-24:20
24            android:name="com.myhexaville.smartimagepicker.CustomFileProvider"
24-->src/main/AndroidManifest.xml:17:13-47
25            android:authorities="${applicationId}.smart-image-picket-provider"
25-->src/main/AndroidManifest.xml:18:13-79
26            android:exported="false"
26-->src/main/AndroidManifest.xml:19:13-37
27            android:grantUriPermissions="true" >
27-->src/main/AndroidManifest.xml:20:13-47
28            <meta-data
28-->src/main/AndroidManifest.xml:21:13-23:54
29                android:name="android.support.FILE_PROVIDER_PATHS"
29-->src/main/AndroidManifest.xml:22:17-67
30                android:resource="@xml/file_paths" />
30-->src/main/AndroidManifest.xml:23:17-51
31        </provider>
32    </application>
33
34</manifest>